The system is: Windows - 6.3.9600 - AMD64
Compiling the C compiler identification source file "CMakeCCompilerId.c" succeeded.
Compiler: C:/Program Files (x86)/Microsoft Visual Studio 9.0/VC/bin/amd64/cl.exe 
Build flags: 
Id flags: 

The output was:
0
Microsoft (R) C/C++ Optimizing Compiler Version 15.00.30729.01 for x64
Copyright (C) Microsoft Corporation.  All rights reserved.

CMakeCCompilerId.c
Microsoft (R) Incremental Linker Version 9.00.30729.01
Copyright (C) Microsoft Corporation.  All rights reserved.

/out:CMakeCCompilerId.exe 
CMakeCCompilerId.obj 


Compilation of the C compiler identification source "CMakeCCompilerId.c" produced "CMakeCCompilerId.exe"

Compilation of the C compiler identification source "CMakeCCompilerId.c" produced "CMakeCCompilerId.obj"

The C compiler identification is MSVC, found in "C:/opt/xscript/lua/luadist/5.1.5/_build/win64x86/CMakeFiles/3.6.0/CompilerIdC/CMakeCCompilerId.exe"

Determining if the C compiler works passed with the following output:
Change Dir: C:/opt/xscript/lua/luadist/5.1.5/_build/win64x86/CMakeFiles/CMakeTmp

Run Build Command:"nmake" "/NOLOGO" "cmTC_7bbe6\fast"
	"C:\Program Files (x86)\Microsoft Visual Studio 9.0\VC\BIN\amd64\nmake.exe" -f CMakeFiles\cmTC_7bbe6.dir\build.make /nologo -L                  CMakeFiles\cmTC_7bbe6.dir\build
Building C object CMakeFiles/cmTC_7bbe6.dir/testCCompiler.c.obj
	C:\PROGRA~2\MICROS~3.0\VC\bin\amd64\cl.exe  @C:\Users\mka\AppData\Local\Temp\1\nm68EE.tmp
testCCompiler.c
Linking C executable cmTC_7bbe6.exe
	E:\MinGW\opt\bin\cmake.exe -E vs_link_exe --intdir=CMakeFiles\cmTC_7bbe6.dir --manifests  -- C:\PROGRA~2\MICROS~3.0\VC\bin\amd64\link.exe /nologo @CMakeFiles\cmTC_7bbe6.dir\objects1.rsp @C:\Users\mka\AppData\Local\Temp\1\nm691E.tmp


Detecting C compiler ABI info compiled with the following output:
Change Dir: C:/opt/xscript/lua/luadist/5.1.5/_build/win64x86/CMakeFiles/CMakeTmp

Run Build Command:"nmake" "/NOLOGO" "cmTC_2809a\fast"
	"C:\Program Files (x86)\Microsoft Visual Studio 9.0\VC\BIN\amd64\nmake.exe" -f CMakeFiles\cmTC_2809a.dir\build.make /nologo -L                  CMakeFiles\cmTC_2809a.dir\build
Building C object CMakeFiles/cmTC_2809a.dir/CMakeCCompilerABI.c.obj
	C:\PROGRA~2\MICROS~3.0\VC\bin\amd64\cl.exe  @C:\Users\mka\AppData\Local\Temp\1\nm6A36.tmp
CMakeCCompilerABI.c
Linking C executable cmTC_2809a.exe
	E:\MinGW\opt\bin\cmake.exe -E vs_link_exe --intdir=CMakeFiles\cmTC_2809a.dir --manifests  -- C:\PROGRA~2\MICROS~3.0\VC\bin\amd64\link.exe /nologo @CMakeFiles\cmTC_2809a.dir\objects1.rsp @C:\Users\mka\AppData\Local\Temp\1\nm6A66.tmp


